<?xml version="1.0" encoding="UTF-8"?>
<!-- Generated by org.testng.reporters.JUnitReportReporter -->
<testsuite skipped="0" hostname="LAPTOP-DF5CB6SE" name="com.paralleltestapp.qa.testcases.ParallelTest" tests="3" failures="0" timestamp="18 Oct 2018 01:37:10 GMT" time="7.526" errors="0">
  <testcase name="testTitle" time="3.964" classname="com.paralleltestapp.qa.testcases.ParallelTest"/>
  <testcase name="testTitle" time="1.171" classname="com.paralleltestapp.qa.testcases.ParallelTest"/>
  <testcase name="testTitle" time="2.391" classname="com.paralleltestapp.qa.testcases.ParallelTest"/>
</testsuite> <!-- com.paralleltestapp.qa.testcases.ParallelTest -->
