<?xml version="1.0" encoding="UTF-8"?>
<!-- Generated by org.testng.reporters.JUnitReportReporter -->
<testsuite skipped="0" hostname="LAPTOP-DF5CB6SE" name="com.paralleltestapp.qa.testcases.ParallelTest" tests="3" failures="0" timestamp="17 Oct 2018 23:28:36 GMT" time="8.372" errors="0">
  <testcase name="testTitle" time="1.700" classname="com.paralleltestapp.qa.testcases.ParallelTest"/>
  <testcase name="testTitle" time="5.320" classname="com.paralleltestapp.qa.testcases.ParallelTest"/>
  <testcase name="testTitle" time="1.352" classname="com.paralleltestapp.qa.testcases.ParallelTest"/>
</testsuite> <!-- com.paralleltestapp.qa.testcases.ParallelTest -->
